  Validating sources
  Copying sources remotely to '192.168.1.241'
  Validating architecture
  Starting remote build
  Compiling sources:
  Analytics.cpp
F:\ViQuantServer\Server\Analytics\Analytics.cpp(490,42): warning : conversion to ‘std::streamsize {aka int}’ from ‘std::streamoff {aka long long int}’ may alter its value [-Wconversion]
F:\ViQuantServer\Server\Analytics\Analytics.cpp(490,42): warning :     fileStream.read(&fileBuffer[0], length);
F:\ViQuantServer\Server\Analytics\Analytics.cpp(490,42): warning :                                           ^
  APIServer.cpp
F:\ViQuantServer\Server\API\APIServer.cpp(365,26): warning : conversion to ‘std::vector<unsigned int>::size_type {aka unsigned int}’ from ‘long long unsigned int’ may alter its value [-Wconversion]
F:\ViQuantServer\Server\API\APIServer.cpp(365,26): warning :   rList.reserve(numResults);
F:\ViQuantServer\Server\API\APIServer.cpp(365,26): warning :                           ^
  CGIManager.cpp
  Config.cpp
  Database.cpp
  DatabaseQuery.cpp
  DatabaseUsers.cpp
  EventManager.cpp
  Exception.cpp
  FileNameParser.cpp
  FTPServer.cpp
F:\ViQuantServer\Server\FTPServer.cpp(275,50): warning : narrowing conversion of ‘passiveSocketTimeoutSec’ from ‘U32 {aka unsigned int}’ to ‘__time_t {aka long int}’ inside { } [-Wnarrowing]
F:\ViQuantServer\Server\FTPServer.cpp(275,50): warning :    timeval timeout = { passiveSocketTimeoutSec, 0 };
F:\ViQuantServer\Server\FTPServer.cpp(275,50): warning :                                                   ^
  Log.cpp
  Main.cpp
  Socket.cpp
  ThreadPool.cpp
  tinyxml2.cpp
  Utils.cpp
  Linking objects
  Server.vcxproj -> F:\ViQuantServer\Server\bin\ARM\Debug\Server.out
